h:\users\colin\school\w17\comp345\build_1\pandemic\debug\vc140.pdb
h:\users\colin\school\w17\comp345\build_1\pandemic\debug\vc140.idb
h:\users\colin\school\w17\comp345\build_1\pandemic\debug\cards.obj
h:\users\colin\school\w17\comp345\build_1\pandemic\debug\citycard.obj
h:\users\colin\school\w17\comp345\build_1\pandemic\debug\epidemiccard.obj
h:\users\colin\school\w17\comp345\build_1\pandemic\debug\eventcard.obj
h:\users\colin\school\w17\comp345\build_1\pandemic\debug\main.obj
h:\users\colin\school\w17\comp345\build_1\pandemic\debug\observer.obj
h:\users\colin\school\w17\comp345\build_1\pandemic\debug\player.obj
h:\users\colin\school\w17\comp345\build_1\pandemic\debug\playercard.obj
h:\users\colin\school\w17\comp345\build_1\pandemic\debug\playerview.obj
h:\users\colin\school\w17\comp345\build_1\pandemic\debug\refcard.obj
h:\users\colin\school\w17\comp345\build_1\pandemic\debug\rolecard.obj
h:\users\colin\school\w17\comp345\build_1\pandemic\debug\subject.obj
h:\users\colin\school\w17\comp345\build_1\pandemic\debug\pawn.obj
h:\users\colin\school\w17\comp345\build_1\pandemic\debug\infectioncard.obj
h:\users\colin\school\w17\comp345\build_1\pandemic\debug\pandemic.ilk
h:\users\colin\school\w17\comp345\build_1\pandemic\debug\pandemic.exe
h:\users\colin\school\w17\comp345\build_1\pandemic\debug\pandemic.pdb
h:\users\colin\school\w17\comp345\build_1\pandemic\debug\pandemic.tlog\cl.command.1.tlog
h:\users\colin\school\w17\comp345\build_1\pandemic\debug\pandemic.tlog\cl.read.1.tlog
h:\users\colin\school\w17\comp345\build_1\pandemic\debug\pandemic.tlog\cl.write.1.tlog
h:\users\colin\school\w17\comp345\build_1\pandemic\debug\pandemic.tlog\link.command.1.tlog
h:\users\colin\school\w17\comp345\build_1\pandemic\debug\pandemic.tlog\link.read.1.tlog
h:\users\colin\school\w17\comp345\build_1\pandemic\debug\pandemic.tlog\link.write.1.tlog
