  Subject.cpp
  RoleCard.cpp
  RefCard.cpp
  PlayerView.cpp
  PlayerCard.cpp
  Player.cpp
h:\users\colin\school\w17\comp345\build_1\pandemic\player.cpp(42): warning C4018: '<': signed/unsigned mismatch
h:\users\colin\school\w17\comp345\build_1\pandemic\player.cpp(98): warning C4018: '<': signed/unsigned mismatch
  Pawn.cpp
  Observer.cpp
  main.cpp
h:\users\colin\school\w17\comp345\build_1\pandemic\global.h(49): error C2065: 'InfectionCard': undeclared identifier
h:\users\colin\school\w17\comp345\build_1\pandemic\global.h(49): error C2059: syntax error: '>'
h:\users\colin\school\w17\comp345\build_1\pandemic\global.h(49): error C2976: 'std::vector': too few template arguments
  c:\program files (x86)\microsoft visual studio 14.0\vc\include\vector(679): note: see declaration of 'std::vector'
h:\users\colin\school\w17\comp345\build_1\pandemic\global.h(49): error C2133: 'infectiondeck': unknown size
h:\users\colin\school\w17\comp345\build_1\pandemic\global.h(49): error C2512: 'std::vector': no appropriate default constructor available
  c:\program files (x86)\microsoft visual studio 14.0\vc\include\vector(679): note: see declaration of 'std::vector'
h:\users\colin\school\w17\comp345\build_1\pandemic\main.cpp(197): warning C4018: '<': signed/unsigned mismatch
h:\users\colin\school\w17\comp345\build_1\pandemic\main.cpp(202): warning C4018: '<': signed/unsigned mismatch
  InfectionCard.cpp
  EventCard.cpp
  EpidemicCard.cpp
  CityCard.cpp
  City.cpp
h:\users\colin\school\w17\comp345\build_1\pandemic\city.h(6): warning C4067: unexpected tokens following preprocessor directive - expected a newline
h:\users\colin\school\w17\comp345\build_1\pandemic\city.cpp(7): error C2614: 'City': illegal member initialization: 'Card' is not a base or member
h:\users\colin\school\w17\comp345\build_1\pandemic\city.cpp(12): error C2614: 'City': illegal member initialization: 'Card' is not a base or member
h:\users\colin\school\w17\comp345\build_1\pandemic\city.cpp(38): error C2059: syntax error: '/'
h:\users\colin\school\w17\comp345\build_1\pandemic\city.cpp(39): error C2065: 'i': undeclared identifier
h:\users\colin\school\w17\comp345\build_1\pandemic\city.cpp(39): error C2059: syntax error: ')'
h:\users\colin\school\w17\comp345\build_1\pandemic\city.cpp(43): error C2143: syntax error: missing ';' before '}'
  Cards.cpp
  Generating Code...
